
ASEM-51 V1.3                                         Copyright (c) 2002 by W.W. Heinz                                         PAGE 1





       MCS-51 Family Macro Assembler   A S E M - 5 1   V 1.3
       =====================================================



	Source File:	..\11.asm
	Object File:	Debug.HEX
	List File:	Debug.lst



 Line  I  Addr  Code            Source

    1:		N      0000	ORG	00H
    2:	  0000	80			DB	80H
    3:	  0001	85			DB	85H
    4:	  0002	8A			DB	8AH
    5:	  0003	8F			DB	8FH
    6:	  0004	90			DB	90H
    7:	  0005	95			DB	95H
    8:	  0006	9A			DB	9AH
    9:	  0007	9F			DB	9FH
   10:	  0008	A0			DB	0A0H
   11:	  0009	A5			DB	0A5H
   12:	  000A	AA			DB	0AAH
   13:	  000B	AF			DB	0AFH
   14:	  000C	B0			DB	0B0H
   15:	  000D	B5			DB	0B5H
   16:	  000E	BA			DB	0BAH
   17:	  000F	BF			DB	0BFH
   18:	  0010	00			DB	00H
   19:	  0011	05			DB	05H
   20:	  0012	0A			DB	0AH
   21:	  0013	0F			DB	0FH
   22:	  0014	10			DB	10H
   23:	  0015	15			DB	15H
   24:	  0016	1A			DB	1AH
   25:	  0017	1F			DB	1FH
   26:	  0018	20			DB	20H
   27:	  0019	25			DB	25H
   28:	  001A	2A			DB	2AH
   29:	  001B	2F			DB	2FH
   30:	  001C	30			DB	30H
   31:	  001D	35			DB	35H
   32:	  001E	3A			DB	3AH
   33:	  001F	3F			DB	3FH
   34:	  0020	80			DB	80H
   35:	  0021	85			DB	85H
   36:	  0022	8A			DB	8AH
   37:	  0023	8F			DB	8FH
   38:	  0024	90			DB	90H
   39:	  0025	95			DB	95H
   40:	  0026	9A			DB	9AH
   41:	  0027	9F			DB	9FH
   42:	  0028	A0			DB	0A0H
   43:	  0029	A5			DB	0A5H

ASEM-51 V1.3                                         Copyright (c) 2002 by W.W. Heinz                                         PAGE 2



 Line  I  Addr  Code            Source

   44:	  002A	AA			DB	0AAH
   45:	  002B	AF			DB	0AFH
   46:	  002C	B0			DB	0B0H
   47:	  002D	B5			DB	0B5H
   48:	  002E	BA			DB	0BAH
   49:	  002F	BF			DB	0BFH
   50:	  0030	80			DB	80H
   51:	  0031	85			DB	85H
   52:	  0032	8A			DB	8AH
   53:	  0033	8F			DB	8FH
   54:	  0034	90			DB	90H
   55:	  0035	95			DB	95H
   56:	  0036	9A			DB	9AH
   57:	  0037	9F			DB	9FH
   58:	  0038	A0			DB	0A0H
   59:	  0039	A5			DB	0A5H
   60:	  003A	AA			DB	0AAH
   61:	  003B	AF			DB	0AFH
   62:	  003C	B0			DB	0B0H
   63:	  003D	B5			DB	0B5H
   64:	  003E	BA			DB	0BAH
   65:	  003F	BF			DB	0BFH
   66:	  0040	80			DB	80H
   67:	  0041	85			DB	85H
   68:	  0042	8A			DB	8AH
   69:	  0043	8F			DB	8FH
   70:	  0044	90			DB	90H
   71:	  0045	95			DB	95H
   72:	  0046	9A			DB	9AH
   73:	  0047	9F			DB	9FH
   74:	  0048	A0			DB	0A0H
   75:	  0049	A5			DB	0A5H
   76:	  004A	AA			DB	0AAH
   77:	  004B	AF			DB	0AFH
   78:	  004C	B0			DB	0B0H
   79:	  004D	B5			DB	0B5H
   80:	  004E	BA			DB	0BAH
   81:	  004F	BF			DB	0BFH
   82:	  0050	80			DB	80H
   83:	  0051	85			DB	85H
   84:	  0052	8A			DB	8AH
   85:	  0053	8F			DB	8FH
   86:	  0054	90			DB	90H
   87:	  0055	95			DB	95H
   88:	  0056	9A			DB	9AH
   89:	  0057	9F			DB	9FH
   90:	  0058	A0			DB	0A0H
   91:	  0059	A5			DB	0A5H
   92:	  005A	AA			DB	0AAH
   93:	  005B	AF			DB	0AFH
   94:	  005C	B0			DB	0B0H
   95:	  005D	B5			DB	0B5H
   96:	  005E	BA			DB	0BAH
   97:	  005F	BF			DB	0BFH
   98:	  0060	00			DB	00H
   99:	  0061	10			DB	10H

ASEM-51 V1.3                                         Copyright (c) 2002 by W.W. Heinz                                         PAGE 3



 Line  I  Addr  Code            Source

  100:	  0062	20			DB	20H
  101:	  0063	30			DB	30H
  102:				END





                     register banks used:  ---

                     no errors




ASEM-51 V1.3                                         Copyright (c) 2002 by W.W. Heinz                                         PAGE 4





	       L I S T   O F   S Y M B O L S
	       =============================


SYMBOL				  TYPE     VALUE	LINE
------------------------------------------------------------
??ASEM_51			  NUMBER    8051
??VERSION			  NUMBER    0130
AC				  BIT	      D6
ACC				  DATA	      E0
B				  DATA	      F0
CY				  BIT	      D7
DPH				  DATA	      83
DPL				  DATA	      82
EA				  BIT	      AF
ES				  BIT	      AC
ET0				  BIT	      A9
ET1				  BIT	      AB
EX0				  BIT	      A8
EX1				  BIT	      AA
EXTI0				  CODE	    0003
EXTI1				  CODE	    0013
F0				  BIT	      D5
IE				  DATA	      A8
IE0				  BIT	      89
IE1				  BIT	      8B
INT0				  BIT	      B2
INT1				  BIT	      B3
IP				  DATA	      B8
IT0				  BIT	      88
IT1				  BIT	      8A
OV				  BIT	      D2
P				  BIT	      D0
P0				  DATA	      80
P1				  DATA	      90
P2				  DATA	      A0
P3				  DATA	      B0
PCON				  DATA	      87
PS				  BIT	      BC
PSW				  DATA	      D0
PT0				  BIT	      B9
PT1				  BIT	      BB
PX0				  BIT	      B8
PX1				  BIT	      BA
RB8				  BIT	      9A
RD				  BIT	      B7
REN				  BIT	      9C
RESET				  CODE	    0000
RI				  BIT	      98
RS0				  BIT	      D3
RS1				  BIT	      D4
RXD				  BIT	      B0
SBUF				  DATA	      99
SCON				  DATA	      98
SINT				  CODE	    0023
SM0				  BIT	      9F

ASEM-51 V1.3                                         Copyright (c) 2002 by W.W. Heinz                                         PAGE 5



SYMBOL				  TYPE     VALUE	LINE
------------------------------------------------------------
SM1				  BIT	      9E
SM2				  BIT	      9D
SP				  DATA	      81
T0				  BIT	      B4
T1				  BIT	      B5
TB8				  BIT	      9B
TCON				  DATA	      88
TF0				  BIT	      8D
TF1				  BIT	      8F
TH0				  DATA	      8C
TH1				  DATA	      8D
TI				  BIT	      99
TIMER0				  CODE	    000B
TIMER1				  CODE	    001B
TL0				  DATA	      8A
TL1				  DATA	      8B
TMOD				  DATA	      89
TR0				  BIT	      8C
TR1				  BIT	      8E
TXD				  BIT	      B1
WR				  BIT	      B6
